{"C:\\Users\\vperepelita\\OneDrive - ENDAVA\\Desktop\\Intership HW\\internship-homework\\tests-tasks\\React tests\\src\\components\\Counter\\Counter.tsx": {"path":"C:\\Users\\vperepelita\\OneDrive - ENDAVA\\Desktop\\Intership HW\\internship-homework\\tests-tasks\\React tests\\src\\components\\Counter\\Counter.tsx","all":false,"statementMap":{"0":{"start":{"line":1,"column":0},"end":{"line":1,"column":25}},"1":{"start":{"line":2,"column":0},"end":{"line":2,"column":55}},"3":{"start":{"line":4,"column":0},"end":{"line":4,"column":74}},"4":{"start":{"line":5,"column":0},"end":{"line":5,"column":56}},"5":{"start":{"line":6,"column":0},"end":{"line":6,"column":47}},"6":{"start":{"line":7,"column":0},"end":{"line":7,"column":47}},"7":{"start":{"line":8,"column":0},"end":{"line":8,"column":35}},"8":{"start":{"line":9,"column":0},"end":{"line":9,"column":10}},"9":{"start":{"line":10,"column":0},"end":{"line":10,"column":9}},"10":{"start":{"line":11,"column":0},"end":{"line":11,"column":24}},"11":{"start":{"line":12,"column":0},"end":{"line":12,"column":44}},"12":{"start":{"line":13,"column":0},"end":{"line":13,"column":54}},"13":{"start":{"line":14,"column":0},"end":{"line":14,"column":54}},"14":{"start":{"line":15,"column":0},"end":{"line":15,"column":46}},"15":{"start":{"line":16,"column":0},"end":{"line":16,"column":23}},"16":{"start":{"line":17,"column":0},"end":{"line":17,"column":10}},"18":{"start":{"line":19,"column":0},"end":{"line":19,"column":1}}},"s":{"0":1,"1":1,"3":7,"4":7,"5":7,"6":7,"7":7,"8":7,"9":7,"10":7,"11":7,"12":7,"13":7,"14":7,"15":7,"16":7,"18":7},"branchMap":{"0":{"type":"branch","line":4,"loc":{"start":{"line":4,"column":0},"end":{"line":19,"column":1}},"locations":[{"start":{"line":4,"column":0},"end":{"line":19,"column":1}}]},"1":{"type":"branch","line":6,"loc":{"start":{"line":6,"column":22},"end":{"line":6,"column":47}},"locations":[{"start":{"line":6,"column":22},"end":{"line":6,"column":47}}]},"2":{"type":"branch","line":7,"loc":{"start":{"line":7,"column":22},"end":{"line":7,"column":47}},"locations":[{"start":{"line":7,"column":22},"end":{"line":7,"column":47}}]},"3":{"type":"branch","line":8,"loc":{"start":{"line":8,"column":18},"end":{"line":8,"column":35}},"locations":[{"start":{"line":8,"column":18},"end":{"line":8,"column":35}}]}},"b":{"0":[7],"1":[3],"2":[1],"3":[1]},"fnMap":{"0":{"name":"Counter","decl":{"start":{"line":4,"column":0},"end":{"line":19,"column":1}},"loc":{"start":{"line":4,"column":0},"end":{"line":19,"column":1}},"line":4},"1":{"name":"increment","decl":{"start":{"line":6,"column":22},"end":{"line":6,"column":47}},"loc":{"start":{"line":6,"column":22},"end":{"line":6,"column":47}},"line":6},"2":{"name":"decrement","decl":{"start":{"line":7,"column":22},"end":{"line":7,"column":47}},"loc":{"start":{"line":7,"column":22},"end":{"line":7,"column":47}},"line":7},"3":{"name":"reset","decl":{"start":{"line":8,"column":18},"end":{"line":8,"column":35}},"loc":{"start":{"line":8,"column":18},"end":{"line":8,"column":35}},"line":8}},"f":{"0":7,"1":3,"2":1,"3":1}}
,"C:\\Users\\vperepelita\\OneDrive - ENDAVA\\Desktop\\Intership HW\\internship-homework\\tests-tasks\\React tests\\src\\components\\CounterChild\\CounterChild.tsx": {"path":"C:\\Users\\vperepelita\\OneDrive - ENDAVA\\Desktop\\Intership HW\\internship-homework\\tests-tasks\\React tests\\src\\components\\CounterChild\\CounterChild.tsx","all":false,"statementMap":{"2":{"start":{"line":3,"column":0},"end":{"line":3,"column":40}},"3":{"start":{"line":4,"column":0},"end":{"line":4,"column":10}},"4":{"start":{"line":5,"column":0},"end":{"line":5,"column":34}},"6":{"start":{"line":7,"column":0},"end":{"line":7,"column":1}}},"s":{"2":7,"3":7,"4":7,"6":7},"branchMap":{"0":{"type":"branch","line":3,"loc":{"start":{"line":3,"column":0},"end":{"line":7,"column":1}},"locations":[{"start":{"line":3,"column":0},"end":{"line":7,"column":1}}]}},"b":{"0":[7]},"fnMap":{"0":{"name":"CounterChild","decl":{"start":{"line":3,"column":0},"end":{"line":7,"column":1}},"loc":{"start":{"line":3,"column":0},"end":{"line":7,"column":1}},"line":3}},"f":{"0":7}}
,"C:\\Users\\vperepelita\\OneDrive - ENDAVA\\Desktop\\Intership HW\\internship-homework\\tests-tasks\\React tests\\src\\components\\Greeting\\Greeting.tsx": {"path":"C:\\Users\\vperepelita\\OneDrive - ENDAVA\\Desktop\\Intership HW\\internship-homework\\tests-tasks\\React tests\\src\\components\\Greeting\\Greeting.tsx","all":false,"statementMap":{"2":{"start":{"line":3,"column":0},"end":{"line":3,"column":64}},"3":{"start":{"line":4,"column":0},"end":{"line":4,"column":10}},"4":{"start":{"line":5,"column":0},"end":{"line":5,"column":6}},"5":{"start":{"line":6,"column":0},"end":{"line":6,"column":14}},"6":{"start":{"line":7,"column":0},"end":{"line":7,"column":32}},"7":{"start":{"line":8,"column":0},"end":{"line":8,"column":29}},"8":{"start":{"line":9,"column":0},"end":{"line":9,"column":7}},"10":{"start":{"line":11,"column":0},"end":{"line":11,"column":1}}},"s":{"2":3,"3":3,"4":3,"5":3,"6":2,"7":1,"8":3,"10":3},"branchMap":{"0":{"type":"branch","line":3,"loc":{"start":{"line":3,"column":0},"end":{"line":11,"column":1}},"locations":[{"start":{"line":3,"column":0},"end":{"line":11,"column":1}}]},"1":{"type":"branch","line":6,"loc":{"start":{"line":6,"column":7},"end":{"line":7,"column":32}},"locations":[{"start":{"line":6,"column":7},"end":{"line":7,"column":32}}]},"2":{"type":"branch","line":7,"loc":{"start":{"line":7,"column":24},"end":{"line":8,"column":29}},"locations":[{"start":{"line":7,"column":24},"end":{"line":8,"column":29}}]}},"b":{"0":[3],"1":[2],"2":[1]},"fnMap":{"0":{"name":"Greeting","decl":{"start":{"line":3,"column":0},"end":{"line":11,"column":1}},"loc":{"start":{"line":3,"column":0},"end":{"line":11,"column":1}},"line":3}},"f":{"0":3}}
,"C:\\Users\\vperepelita\\OneDrive - ENDAVA\\Desktop\\Intership HW\\internship-homework\\tests-tasks\\React tests\\src\\utils\\apiCall\\apiCallFunc.ts": {"path":"C:\\Users\\vperepelita\\OneDrive - ENDAVA\\Desktop\\Intership HW\\internship-homework\\tests-tasks\\React tests\\src\\utils\\apiCall\\apiCallFunc.ts","all":false,"statementMap":{"1":{"start":{"line":2,"column":0},"end":{"line":2,"column":60}},"2":{"start":{"line":3,"column":0},"end":{"line":3,"column":44}},"4":{"start":{"line":5,"column":0},"end":{"line":5,"column":24}},"5":{"start":{"line":6,"column":0},"end":{"line":6,"column":29}},"6":{"start":{"line":7,"column":0},"end":{"line":7,"column":35}},"7":{"start":{"line":8,"column":0},"end":{"line":8,"column":10}},"8":{"start":{"line":9,"column":0},"end":{"line":9,"column":27}},"9":{"start":{"line":10,"column":0},"end":{"line":10,"column":43}},"10":{"start":{"line":11,"column":0},"end":{"line":11,"column":9}},"11":{"start":{"line":12,"column":0},"end":{"line":12,"column":9}},"12":{"start":{"line":13,"column":0},"end":{"line":13,"column":25}},"13":{"start":{"line":14,"column":0},"end":{"line":14,"column":42}},"14":{"start":{"line":15,"column":0},"end":{"line":15,"column":9}},"15":{"start":{"line":16,"column":0},"end":{"line":16,"column":10}},"16":{"start":{"line":17,"column":0},"end":{"line":17,"column":1}}},"s":{"1":2,"2":2,"4":2,"5":2,"6":2,"7":2,"8":2,"9":1,"10":1,"11":2,"12":2,"13":2,"14":2,"15":2,"16":2},"branchMap":{"0":{"type":"branch","line":2,"loc":{"start":{"line":2,"column":0},"end":{"line":17,"column":1}},"locations":[{"start":{"line":2,"column":0},"end":{"line":17,"column":1}}]},"1":{"type":"branch","line":6,"loc":{"start":{"line":6,"column":14},"end":{"line":8,"column":9}},"locations":[{"start":{"line":6,"column":14},"end":{"line":8,"column":9}}]},"2":{"type":"branch","line":9,"loc":{"start":{"line":9,"column":15},"end":{"line":11,"column":9}},"locations":[{"start":{"line":9,"column":15},"end":{"line":11,"column":9}}]},"3":{"type":"branch","line":13,"loc":{"start":{"line":13,"column":14},"end":{"line":15,"column":9}},"locations":[{"start":{"line":13,"column":14},"end":{"line":15,"column":9}}]}},"b":{"0":[2],"1":[2],"2":[1],"3":[2]},"fnMap":{"0":{"name":"apiCallFunc","decl":{"start":{"line":2,"column":0},"end":{"line":17,"column":1}},"loc":{"start":{"line":2,"column":0},"end":{"line":17,"column":1}},"line":2}},"f":{"0":2}}
,"C:\\Users\\vperepelita\\OneDrive - ENDAVA\\Desktop\\Intership HW\\internship-homework\\tests-tasks\\React tests\\src\\utils\\customHook\\customHook.tsx": {"path":"C:\\Users\\vperepelita\\OneDrive - ENDAVA\\Desktop\\Intership HW\\internship-homework\\tests-tasks\\React tests\\src\\utils\\customHook\\customHook.tsx","all":false,"statementMap":{"0":{"start":{"line":1,"column":0},"end":{"line":1,"column":42}},"4":{"start":{"line":5,"column":0},"end":{"line":5,"column":54}},"5":{"start":{"line":6,"column":0},"end":{"line":6,"column":38}},"7":{"start":{"line":8,"column":0},"end":{"line":8,"column":20}},"8":{"start":{"line":9,"column":0},"end":{"line":9,"column":35}},"9":{"start":{"line":10,"column":0},"end":{"line":10,"column":48}},"10":{"start":{"line":11,"column":0},"end":{"line":11,"column":42}},"11":{"start":{"line":12,"column":0},"end":{"line":12,"column":21}},"12":{"start":{"line":13,"column":0},"end":{"line":13,"column":5}},"14":{"start":{"line":15,"column":0},"end":{"line":15,"column":28}},"15":{"start":{"line":16,"column":0},"end":{"line":16,"column":23}},"16":{"start":{"line":17,"column":0},"end":{"line":17,"column":6}},"17":{"start":{"line":18,"column":0},"end":{"line":18,"column":53}},"19":{"start":{"line":20,"column":0},"end":{"line":20,"column":4}},"20":{"start":{"line":21,"column":0},"end":{"line":21,"column":13}},"21":{"start":{"line":22,"column":0},"end":{"line":22,"column":1}}},"s":{"0":1,"4":5,"5":5,"7":5,"8":4,"9":4,"10":4,"11":4,"12":4,"14":4,"15":4,"16":4,"17":4,"19":5,"20":5,"21":5},"branchMap":{"0":{"type":"branch","line":5,"loc":{"start":{"line":5,"column":0},"end":{"line":22,"column":1}},"locations":[{"start":{"line":5,"column":0},"end":{"line":22,"column":1}}]},"1":{"type":"branch","line":8,"loc":{"start":{"line":8,"column":12},"end":{"line":20,"column":3}},"locations":[{"start":{"line":8,"column":12},"end":{"line":20,"column":3}}]},"2":{"type":"branch","line":9,"loc":{"start":{"line":9,"column":22},"end":{"line":13,"column":5}},"locations":[{"start":{"line":9,"column":22},"end":{"line":13,"column":5}}]},"3":{"type":"branch","line":15,"loc":{"start":{"line":15,"column":21},"end":{"line":17,"column":5}},"locations":[{"start":{"line":15,"column":21},"end":{"line":17,"column":5}}]}},"b":{"0":[5],"1":[4],"2":[4],"3":[4]},"fnMap":{"0":{"name":"useFetchData","decl":{"start":{"line":5,"column":0},"end":{"line":22,"column":1}},"loc":{"start":{"line":5,"column":0},"end":{"line":22,"column":1}},"line":5},"1":{"name":"fetchData","decl":{"start":{"line":9,"column":22},"end":{"line":13,"column":5}},"loc":{"start":{"line":9,"column":22},"end":{"line":13,"column":5}},"line":9}},"f":{"0":5,"1":4}}
,"C:\\Users\\vperepelita\\OneDrive - ENDAVA\\Desktop\\Intership HW\\internship-homework\\tests-tasks\\React tests\\src\\utils\\logingMessage\\logingMessage.ts": {"path":"C:\\Users\\vperepelita\\OneDrive - ENDAVA\\Desktop\\Intership HW\\internship-homework\\tests-tasks\\React tests\\src\\utils\\logingMessage\\logingMessage.ts","all":false,"statementMap":{"0":{"start":{"line":1,"column":0},"end":{"line":1,"column":56}},"1":{"start":{"line":2,"column":0},"end":{"line":2,"column":27}},"2":{"start":{"line":3,"column":0},"end":{"line":3,"column":18}},"3":{"start":{"line":4,"column":0},"end":{"line":4,"column":1}}},"s":{"0":2,"1":2,"2":2,"3":2},"branchMap":{"0":{"type":"branch","line":1,"loc":{"start":{"line":1,"column":0},"end":{"line":4,"column":1}},"locations":[{"start":{"line":1,"column":0},"end":{"line":4,"column":1}}]}},"b":{"0":[2]},"fnMap":{"0":{"name":"logingMessage","decl":{"start":{"line":1,"column":0},"end":{"line":4,"column":1}},"loc":{"start":{"line":1,"column":0},"end":{"line":4,"column":1}},"line":1}},"f":{"0":2}}
,"C:\\Users\\vperepelita\\OneDrive - ENDAVA\\Desktop\\Intership HW\\internship-homework\\tests-tasks\\React tests\\src\\utils\\setTimeoutFunc\\setTimeoutFunc.ts": {"path":"C:\\Users\\vperepelita\\OneDrive - ENDAVA\\Desktop\\Intership HW\\internship-homework\\tests-tasks\\React tests\\src\\utils\\setTimeoutFunc\\setTimeoutFunc.ts","all":false,"statementMap":{"0":{"start":{"line":1,"column":0},"end":{"line":1,"column":43}},"1":{"start":{"line":2,"column":0},"end":{"line":2,"column":18}},"2":{"start":{"line":3,"column":0},"end":{"line":3,"column":24}},"3":{"start":{"line":4,"column":0},"end":{"line":4,"column":20}},"4":{"start":{"line":5,"column":0},"end":{"line":5,"column":35}},"5":{"start":{"line":6,"column":0},"end":{"line":6,"column":48}},"6":{"start":{"line":7,"column":0},"end":{"line":7,"column":5}},"7":{"start":{"line":8,"column":0},"end":{"line":8,"column":1}}},"s":{"0":1,"1":1,"2":1,"3":1,"4":1,"5":1,"6":1,"7":1},"branchMap":{"0":{"type":"branch","line":1,"loc":{"start":{"line":1,"column":0},"end":{"line":8,"column":1}},"locations":[{"start":{"line":1,"column":0},"end":{"line":8,"column":1}}]},"1":{"type":"branch","line":5,"loc":{"start":{"line":5,"column":21},"end":{"line":7,"column":3}},"locations":[{"start":{"line":5,"column":21},"end":{"line":7,"column":3}}]},"2":{"type":"branch","line":6,"loc":{"start":{"line":6,"column":15},"end":{"line":6,"column":39}},"locations":[{"start":{"line":6,"column":15},"end":{"line":6,"column":39}}]}},"b":{"0":[1],"1":[1],"2":[1]},"fnMap":{"0":{"name":"messageWithTimeout","decl":{"start":{"line":1,"column":0},"end":{"line":8,"column":1}},"loc":{"start":{"line":1,"column":0},"end":{"line":8,"column":1}},"line":1}},"f":{"0":1}}
}
